<?xml version="1.0" encoding="UTF-8"?>
<!-- Generated by org.testng.reporters.JUnitXMLReporter -->
<testsuite hostname="DESKTOP-803K56V" ignored="2" name="Command line test" tests="2" failures="0" timestamp="26 Nov 2020 01:29:54 GMT" time="1.4" errors="0">
  <testcase name="@BeforeTest setup" time="1.375" classname="com.qa.surveymonkey.base.BaseTest">
    <failure type="java.lang.NullPointerException">
      <![CDATA[java.lang.NullPointerException
at com.qa.surveymonkey.utils.OptionsManager.getFirefoxOptions(OptionsManager.java:32)
at com.qa.surveymonkey.base.BasePage.init_driver(BasePage.java:55)
at com.qa.surveymonkey.base.BaseTest.setup(BaseTest.java:25)
... Removed 34 stack frames]]>
    </failure>
  </testcase> <!-- @BeforeTest setup -->
  <testcase name="@BeforeClass homeSetup" time="0.0" classname="com.qa.surveymonkey.tests.HomePageTest">
    <skipped/>
  </testcase> <!-- @BeforeClass homeSetup -->
  <testcase name="@AfterTest tearDown" time="0.0" classname="com.qa.surveymonkey.base.BaseTest">
    <skipped/>
  </testcase> <!-- @AfterTest tearDown -->
  <testcase name="verifyHomePageTitle" time="0.0" classname="com.qa.surveymonkey.tests.HomePageTest">
    <skipped/>
  </testcase> <!-- verifyHomePageTitle -->
  <testcase name="verifySignUpLinkTest" time="0.0" classname="com.qa.surveymonkey.tests.LoginPageTest">
    <skipped/>
  </testcase> <!-- verifySignUpLinkTest -->
  <testcase name="@BeforeTest setup" time="0.0" classname="com.qa.surveymonkey.base.BaseTest">
    <ignored/>
  </testcase> <!-- @BeforeTest setup -->
  <testcase name="@AfterTest tearDown" time="0.0" classname="com.qa.surveymonkey.base.BaseTest">
    <ignored/>
  </testcase> <!-- @AfterTest tearDown -->
</testsuite> <!-- Command line test -->
