<?xml version="1.0" encoding="UTF-8"?>
<!-- Generated by org.testng.reporters.JUnitXMLReporter -->
<testsuite hostname="DESKTOP-803K56V" ignored="0" name="Home Page Test" tests="4" failures="0" timestamp="26 Nov 2020 01:23:13 GMT" time="16.081" errors="0">
  <testcase name="verifyHomePageTitle" time="0.43" classname="com.qa.surveymonkey.tests.HomePageTest"/>
  <testcase name="verifyHomePageHeader" time="0.809" classname="com.qa.surveymonkey.tests.HomePageTest"/>
  <testcase name="verifyThatUserLoggedIn" time="0.66" classname="com.qa.surveymonkey.tests.HomePageTest"/>
  <testcase name="mySurveysLinkText" time="0.688" classname="com.qa.surveymonkey.tests.HomePageTest"/>
</testsuite> <!-- Home Page Test -->
