<?xml version="1.0" encoding="UTF-8"?>
<!-- Generated by org.testng.reporters.JUnitXMLReporter -->
<testsuite hostname="DESKTOP-803K56V" ignored="0" name="Login Page Test" tests="3" failures="0" timestamp="26 Nov 2020 01:22:57 GMT" time="15.438" errors="0">
  <testcase name="verifySignUpLinkTest" time="1.112" classname="com.qa.surveymonkey.tests.LoginPageTest"/>
  <testcase name="verifyLoginPageTitleTest" time="0.028" classname="com.qa.surveymonkey.tests.LoginPageTest"/>
  <testcase name="loginTest" time="5.123" classname="com.qa.surveymonkey.tests.LoginPageTest"/>
</testsuite> <!-- Login Page Test -->
